0 info it worked if it ends with ok
1 verbose cli [ '/home/chicha/.nvm/v0.10.35/bin/node',
1 verbose cli   '/home/chicha/.nvm/v0.10.35/bin/npm',
1 verbose cli   'start' ]
2 info using npm@1.4.28
3 info using node@v0.10.35
4 verbose run-script [ 'prestart', 'start', 'poststart' ]
5 info prestart todo_list@0.0.0
6 info start todo_list@0.0.0
7 verbose unsafe-perm in lifecycle true
8 info todo_list@0.0.0 Failed to exec start script
9 error todo_list@0.0.0 start: `node ./bin/www`
9 error Exit status 8
10 error Failed at the todo_list@0.0.0 start script.
10 error This is most likely a problem with the todo_list package,
10 error not with npm itself.
10 error Tell the author that this fails on your system:
10 error     node ./bin/www
10 error You can get their info via:
10 error     npm owner ls todo_list
10 error There is likely additional logging output above.
11 error System Linux 3.13.0-45-generic
12 error command "/home/chicha/.nvm/v0.10.35/bin/node" "/home/chicha/.nvm/v0.10.35/bin/npm" "start"
13 error cwd /home/chicha/myProjects/mean_learning/mean_4_todo_list_updated
14 error node -v v0.10.35
15 error npm -v 1.4.28
16 error code ELIFECYCLE
17 verbose exit [ 1, true ]
